[2024-07-17 14:42:53.295] [ 5944] [ INFO] app data info : 5361, 10418676, I
[2024-07-17 14:43:16.562] [ 2068] [ INFO] app data info : 5361, 10418676, I
[2024-07-17 14:43:39.597] [ 3284] [ INFO] app data info : 5361, 10418676, I
[2024-07-17 14:44:14.088] [ 7364] [ INFO] app data info : 5361, 10418676, I
[2024-07-17 14:44:14.091] [ 7364] [ INFO] YY
[2024-07-17 14:44:14.091] [ 7364] [ INFO] YY
[2024-07-17 14:44:15.085] [ 7364] [ERROR] [WinError 3] 지정된 경로를 찾을 수 없습니다: '..//temp/I/5361/10418676'
[2024-07-17 14:44:15.085] [ 7364] [ERROR] [WinError 3] 지정된 경로를 찾을 수 없습니다: '..//temp/I/5361/10418676'
[2024-07-17 14:44:15.085] [ 7364] [ERROR] [WinError 3] 지정된 경로를 찾을 수 없습니다: '..//temp/I/5361/10418676'
[2024-07-17 14:48:28.574] [ 7364] [ INFO] app data info : 5361, 10418676, I
[2024-07-17 14:48:28.574] [ 7364] [ INFO] app data info : 5361, 10418676, I
[2024-07-17 14:48:28.574] [ 7364] [ INFO] app data info : 5361, 10418676, I
[2024-07-17 14:48:28.574] [ 7364] [ INFO] app data info : 5361, 10418676, I
[2024-07-17 14:48:28.577] [ 7364] [ INFO] YY
[2024-07-17 14:48:28.577] [ 7364] [ INFO] YY
[2024-07-17 14:48:28.577] [ 7364] [ INFO] YY
[2024-07-17 14:48:28.577] [ 7364] [ INFO] YY
[2024-07-17 14:48:28.577] [ 7364] [ INFO] YY
[2024-07-17 14:48:29.513] [ 7364] [ERROR] [WinError 3] 지정된 경로를 찾을 수 없습니다: '..//temp/I/5361/10418676'
[2024-07-17 14:48:29.513] [ 7364] [ERROR] [WinError 3] 지정된 경로를 찾을 수 없습니다: '..//temp/I/5361/10418676'
[2024-07-17 14:48:29.513] [ 7364] [ERROR] [WinError 3] 지정된 경로를 찾을 수 없습니다: '..//temp/I/5361/10418676'
[2024-07-17 14:48:29.513] [ 7364] [ERROR] [WinError 3] 지정된 경로를 찾을 수 없습니다: '..//temp/I/5361/10418676'
[2024-07-17 14:48:29.513] [ 7364] [ERROR] [WinError 3] 지정된 경로를 찾을 수 없습니다: '..//temp/I/5361/10418676'
[2024-07-17 14:48:29.513] [ 7364] [ERROR] [WinError 3] 지정된 경로를 찾을 수 없습니다: '..//temp/I/5361/10418676'
[2024-07-17 14:49:18.641] [ 7364] [ INFO] app data info : 5361, 10418676, I
[2024-07-17 14:49:18.641] [ 7364] [ INFO] app data info : 5361, 10418676, I
[2024-07-17 14:49:18.641] [ 7364] [ INFO] app data info : 5361, 10418676, I
[2024-07-17 14:49:18.641] [ 7364] [ INFO] app data info : 5361, 10418676, I
[2024-07-17 14:49:18.641] [ 7364] [ INFO] app data info : 5361, 10418676, I
[2024-07-17 14:49:18.641] [ 7364] [ INFO] app data info : 5361, 10418676, I
[2024-07-17 14:49:18.641] [ 7364] [ INFO] app data info : 5361, 10418676, I
[2024-07-17 14:49:18.645] [ 7364] [ INFO] YY
[2024-07-17 14:49:18.645] [ 7364] [ INFO] YY
[2024-07-17 14:49:18.645] [ 7364] [ INFO] YY
[2024-07-17 14:49:18.645] [ 7364] [ INFO] YY
[2024-07-17 14:49:18.645] [ 7364] [ INFO] YY
[2024-07-17 14:49:18.645] [ 7364] [ INFO] YY
[2024-07-17 14:49:18.645] [ 7364] [ INFO] YY
[2024-07-17 14:49:18.645] [ 7364] [ INFO] YY
[2024-07-17 14:49:19.572] [ 7364] [ERROR] [WinError 3] 지정된 경로를 찾을 수 없습니다: '..//temp/I/5361/10418676'
[2024-07-17 14:49:19.572] [ 7364] [ERROR] [WinError 3] 지정된 경로를 찾을 수 없습니다: '..//temp/I/5361/10418676'
[2024-07-17 14:49:19.572] [ 7364] [ERROR] [WinError 3] 지정된 경로를 찾을 수 없습니다: '..//temp/I/5361/10418676'
[2024-07-17 14:49:19.572] [ 7364] [ERROR] [WinError 3] 지정된 경로를 찾을 수 없습니다: '..//temp/I/5361/10418676'
[2024-07-17 14:49:19.572] [ 7364] [ERROR] [WinError 3] 지정된 경로를 찾을 수 없습니다: '..//temp/I/5361/10418676'
[2024-07-17 14:49:19.572] [ 7364] [ERROR] [WinError 3] 지정된 경로를 찾을 수 없습니다: '..//temp/I/5361/10418676'
[2024-07-17 14:49:19.572] [ 7364] [ERROR] [WinError 3] 지정된 경로를 찾을 수 없습니다: '..//temp/I/5361/10418676'
[2024-07-17 14:49:19.572] [ 7364] [ERROR] [WinError 3] 지정된 경로를 찾을 수 없습니다: '..//temp/I/5361/10418676'
[2024-07-17 14:49:19.572] [ 7364] [ERROR] [WinError 3] 지정된 경로를 찾을 수 없습니다: '..//temp/I/5361/10418676'
[2024-07-17 14:49:44.550] [ 4084] [ INFO] app data info : 5361, 10418676, I
[2024-07-17 14:49:44.552] [ 4084] [ INFO] YY
[2024-07-17 14:49:44.552] [ 4084] [ INFO] YY
[2024-07-17 14:49:45.528] [ 4084] [ERROR] [WinError 3] 지정된 경로를 찾을 수 없습니다: '..//temp/I/5361/10418676'
[2024-07-17 14:49:45.528] [ 4084] [ERROR] [WinError 3] 지정된 경로를 찾을 수 없습니다: '..//temp/I/5361/10418676'
[2024-07-17 14:49:45.528] [ 4084] [ERROR] [WinError 3] 지정된 경로를 찾을 수 없습니다: '..//temp/I/5361/10418676'
[2024-07-17 14:50:00.122] [ 4084] [ INFO] app data info : 5361, 10418676, I
[2024-07-17 14:50:00.122] [ 4084] [ INFO] app data info : 5361, 10418676, I
[2024-07-17 14:50:00.122] [ 4084] [ INFO] app data info : 5361, 10418676, I
[2024-07-17 14:50:00.122] [ 4084] [ INFO] app data info : 5361, 10418676, I
[2024-07-17 14:50:00.126] [ 4084] [ INFO] YY
[2024-07-17 14:50:00.126] [ 4084] [ INFO] YY
[2024-07-17 14:50:00.126] [ 4084] [ INFO] YY
[2024-07-17 14:50:00.126] [ 4084] [ INFO] YY
[2024-07-17 14:50:00.126] [ 4084] [ INFO] YY
[2024-07-17 14:50:01.020] [ 4084] [ERROR] [WinError 3] 지정된 경로를 찾을 수 없습니다: '..//temp/I/5361/10418676'
[2024-07-17 14:50:01.020] [ 4084] [ERROR] [WinError 3] 지정된 경로를 찾을 수 없습니다: '..//temp/I/5361/10418676'
[2024-07-17 14:50:01.020] [ 4084] [ERROR] [WinError 3] 지정된 경로를 찾을 수 없습니다: '..//temp/I/5361/10418676'
[2024-07-17 14:50:01.020] [ 4084] [ERROR] [WinError 3] 지정된 경로를 찾을 수 없습니다: '..//temp/I/5361/10418676'
[2024-07-17 14:50:01.020] [ 4084] [ERROR] [WinError 3] 지정된 경로를 찾을 수 없습니다: '..//temp/I/5361/10418676'
[2024-07-17 14:50:01.020] [ 4084] [ERROR] [WinError 3] 지정된 경로를 찾을 수 없습니다: '..//temp/I/5361/10418676'
[2024-07-17 14:50:27.925] [15504] [ INFO] app data info : 5361, 10418676, I
[2024-07-17 14:50:27.928] [15504] [ INFO] YY
[2024-07-17 14:50:27.928] [15504] [ INFO] YY
[2024-07-17 14:50:28.903] [15504] [ERROR] [WinError 3] 지정된 경로를 찾을 수 없습니다: '..//temp/I/5361/10418676'
[2024-07-17 14:50:28.903] [15504] [ERROR] [WinError 3] 지정된 경로를 찾을 수 없습니다: '..//temp/I/5361/10418676'
[2024-07-17 14:50:28.903] [15504] [ERROR] [WinError 3] 지정된 경로를 찾을 수 없습니다: '..//temp/I/5361/10418676'
[2024-07-17 14:50:45.676] [15504] [ INFO] app data info : 5361, 10418676, I
[2024-07-17 14:50:45.676] [15504] [ INFO] app data info : 5361, 10418676, I
[2024-07-17 14:50:45.676] [15504] [ INFO] app data info : 5361, 10418676, I
[2024-07-17 14:50:45.676] [15504] [ INFO] app data info : 5361, 10418676, I
[2024-07-17 14:50:45.679] [15504] [ INFO] YY
[2024-07-17 14:50:45.679] [15504] [ INFO] YY
[2024-07-17 14:50:45.679] [15504] [ INFO] YY
[2024-07-17 14:50:45.679] [15504] [ INFO] YY
[2024-07-17 14:50:45.679] [15504] [ INFO] YY
[2024-07-17 14:50:46.554] [15504] [ERROR] [WinError 3] 지정된 경로를 찾을 수 없습니다: '..//temp/I/5361/10418676'
[2024-07-17 14:50:46.554] [15504] [ERROR] [WinError 3] 지정된 경로를 찾을 수 없습니다: '..//temp/I/5361/10418676'
[2024-07-17 14:50:46.554] [15504] [ERROR] [WinError 3] 지정된 경로를 찾을 수 없습니다: '..//temp/I/5361/10418676'
[2024-07-17 14:50:46.554] [15504] [ERROR] [WinError 3] 지정된 경로를 찾을 수 없습니다: '..//temp/I/5361/10418676'
[2024-07-17 14:50:46.554] [15504] [ERROR] [WinError 3] 지정된 경로를 찾을 수 없습니다: '..//temp/I/5361/10418676'
[2024-07-17 14:50:46.554] [15504] [ERROR] [WinError 3] 지정된 경로를 찾을 수 없습니다: '..//temp/I/5361/10418676'
[2024-07-17 14:52:54.239] [15504] [ INFO] app data info : 5361, 10418676, I
[2024-07-17 14:52:54.239] [15504] [ INFO] app data info : 5361, 10418676, I
[2024-07-17 14:52:54.239] [15504] [ INFO] app data info : 5361, 10418676, I
[2024-07-17 14:52:54.239] [15504] [ INFO] app data info : 5361, 10418676, I
[2024-07-17 14:52:54.239] [15504] [ INFO] app data info : 5361, 10418676, I
[2024-07-17 14:52:54.239] [15504] [ INFO] app data info : 5361, 10418676, I
[2024-07-17 14:52:54.244] [15504] [ INFO] YY
[2024-07-17 14:52:54.244] [15504] [ INFO] YY
[2024-07-17 14:52:54.244] [15504] [ INFO] YY
[2024-07-17 14:52:54.244] [15504] [ INFO] YY
[2024-07-17 14:52:54.244] [15504] [ INFO] YY
[2024-07-17 14:52:54.244] [15504] [ INFO] YY
[2024-07-17 14:52:54.244] [15504] [ INFO] YY
[2024-07-17 14:52:55.124] [15504] [ERROR] [WinError 3] 지정된 경로를 찾을 수 없습니다: '..//temp/I/5361/10418676'
[2024-07-17 14:52:55.124] [15504] [ERROR] [WinError 3] 지정된 경로를 찾을 수 없습니다: '..//temp/I/5361/10418676'
[2024-07-17 14:52:55.124] [15504] [ERROR] [WinError 3] 지정된 경로를 찾을 수 없습니다: '..//temp/I/5361/10418676'
[2024-07-17 14:52:55.124] [15504] [ERROR] [WinError 3] 지정된 경로를 찾을 수 없습니다: '..//temp/I/5361/10418676'
[2024-07-17 14:52:55.124] [15504] [ERROR] [WinError 3] 지정된 경로를 찾을 수 없습니다: '..//temp/I/5361/10418676'
[2024-07-17 14:52:55.124] [15504] [ERROR] [WinError 3] 지정된 경로를 찾을 수 없습니다: '..//temp/I/5361/10418676'
[2024-07-17 14:52:55.124] [15504] [ERROR] [WinError 3] 지정된 경로를 찾을 수 없습니다: '..//temp/I/5361/10418676'
[2024-07-17 14:52:55.124] [15504] [ERROR] [WinError 3] 지정된 경로를 찾을 수 없습니다: '..//temp/I/5361/10418676'
[2024-07-17 14:52:55.124] [15504] [ERROR] [WinError 3] 지정된 경로를 찾을 수 없습니다: '..//temp/I/5361/10418676'
[2024-07-17 14:56:52.953] [11064] [ INFO] app data info : 5361, 10418676, I
[2024-07-17 14:57:36.161] [ 8500] [ INFO] app data info : 5361, 10418676, I
[2024-07-17 14:57:36.164] [ 8500] [ INFO] YY
[2024-07-17 14:57:36.164] [ 8500] [ INFO] YY
[2024-07-17 14:57:37.134] [ 8500] [ERROR] [WinError 3] 지정된 경로를 찾을 수 없습니다: '..//temp/I/5361/10418676'
[2024-07-17 14:57:37.134] [ 8500] [ERROR] [WinError 3] 지정된 경로를 찾을 수 없습니다: '..//temp/I/5361/10418676'
[2024-07-17 14:57:37.134] [ 8500] [ERROR] [WinError 3] 지정된 경로를 찾을 수 없습니다: '..//temp/I/5361/10418676'
[2024-07-17 14:57:46.021] [ 8500] [ INFO] app data info : 5361, 10418676, I
[2024-07-17 14:57:46.021] [ 8500] [ INFO] app data info : 5361, 10418676, I
[2024-07-17 14:57:46.021] [ 8500] [ INFO] app data info : 5361, 10418676, I
[2024-07-17 14:57:46.021] [ 8500] [ INFO] app data info : 5361, 10418676, I
[2024-07-17 14:57:46.026] [ 8500] [ INFO] YY
[2024-07-17 14:57:46.026] [ 8500] [ INFO] YY
[2024-07-17 14:57:46.026] [ 8500] [ INFO] YY
[2024-07-17 14:57:46.026] [ 8500] [ INFO] YY
[2024-07-17 14:57:46.026] [ 8500] [ INFO] YY
[2024-07-17 14:57:46.939] [ 8500] [ERROR] [WinError 3] 지정된 경로를 찾을 수 없습니다: '..//temp/I/5361/10418676'
[2024-07-17 14:57:46.939] [ 8500] [ERROR] [WinError 3] 지정된 경로를 찾을 수 없습니다: '..//temp/I/5361/10418676'
[2024-07-17 14:57:46.939] [ 8500] [ERROR] [WinError 3] 지정된 경로를 찾을 수 없습니다: '..//temp/I/5361/10418676'
[2024-07-17 14:57:46.939] [ 8500] [ERROR] [WinError 3] 지정된 경로를 찾을 수 없습니다: '..//temp/I/5361/10418676'
[2024-07-17 14:57:46.939] [ 8500] [ERROR] [WinError 3] 지정된 경로를 찾을 수 없습니다: '..//temp/I/5361/10418676'
[2024-07-17 14:57:46.939] [ 8500] [ERROR] [WinError 3] 지정된 경로를 찾을 수 없습니다: '..//temp/I/5361/10418676'
[2024-07-17 14:58:11.930] [ 5220] [ INFO] app data info : 5361, 10418676, I
[2024-07-17 14:58:11.933] [ 5220] [ INFO] YY
[2024-07-17 14:58:11.933] [ 5220] [ INFO] YY
[2024-07-17 14:58:12.887] [ 5220] [ERROR] [WinError 3] 지정된 경로를 찾을 수 없습니다: '..//temp/I/5361/10418676'
[2024-07-17 14:58:12.887] [ 5220] [ERROR] [WinError 3] 지정된 경로를 찾을 수 없습니다: '..//temp/I/5361/10418676'
[2024-07-17 14:58:12.887] [ 5220] [ERROR] [WinError 3] 지정된 경로를 찾을 수 없습니다: '..//temp/I/5361/10418676'
[2024-07-17 14:58:27.486] [ 5220] [ INFO] app data info : 5361, 10418676, I
[2024-07-17 14:58:27.486] [ 5220] [ INFO] app data info : 5361, 10418676, I
[2024-07-17 14:58:27.486] [ 5220] [ INFO] app data info : 5361, 10418676, I
[2024-07-17 14:58:27.486] [ 5220] [ INFO] app data info : 5361, 10418676, I
[2024-07-17 14:58:27.490] [ 5220] [ INFO] YY
[2024-07-17 14:58:27.490] [ 5220] [ INFO] YY
[2024-07-17 14:58:27.490] [ 5220] [ INFO] YY
[2024-07-17 14:58:27.490] [ 5220] [ INFO] YY
[2024-07-17 14:58:27.490] [ 5220] [ INFO] YY
[2024-07-17 14:58:28.390] [ 5220] [ERROR] [WinError 3] 지정된 경로를 찾을 수 없습니다: '..//temp/I/5361/10418676'
[2024-07-17 14:58:28.390] [ 5220] [ERROR] [WinError 3] 지정된 경로를 찾을 수 없습니다: '..//temp/I/5361/10418676'
[2024-07-17 14:58:28.390] [ 5220] [ERROR] [WinError 3] 지정된 경로를 찾을 수 없습니다: '..//temp/I/5361/10418676'
[2024-07-17 14:58:28.390] [ 5220] [ERROR] [WinError 3] 지정된 경로를 찾을 수 없습니다: '..//temp/I/5361/10418676'
[2024-07-17 14:58:28.390] [ 5220] [ERROR] [WinError 3] 지정된 경로를 찾을 수 없습니다: '..//temp/I/5361/10418676'
[2024-07-17 14:58:28.390] [ 5220] [ERROR] [WinError 3] 지정된 경로를 찾을 수 없습니다: '..//temp/I/5361/10418676'
[2024-07-17 14:58:46.060] [18196] [ INFO] app data info : 5361, 10418676, I
[2024-07-17 14:58:46.064] [18196] [ INFO] YY
[2024-07-17 14:58:46.064] [18196] [ INFO] YY
[2024-07-17 14:58:47.024] [18196] [ERROR] [WinError 3] 지정된 경로를 찾을 수 없습니다: '..//temp/I/5361/10418676'
[2024-07-17 14:58:47.024] [18196] [ERROR] [WinError 3] 지정된 경로를 찾을 수 없습니다: '..//temp/I/5361/10418676'
[2024-07-17 14:58:47.024] [18196] [ERROR] [WinError 3] 지정된 경로를 찾을 수 없습니다: '..//temp/I/5361/10418676'
